Started GET "/" for 127.0.0.1 at 2017-10-17 14:52:50 +0100
  
ActiveRecord::PendingMigrationError (

Migrations are pending. To resolve this issue, run:

        bin/rails db:migrate RAILS_ENV=development

):
  
activerecord (5.1.4) lib/active_record/migration.rb:576:in `check_pending!'
activerecord (5.1.4) lib/active_record/migration.rb:553:in `call'
actionpack (5.1.4) lib/action_dispatch/middleware/callbacks.rb:26:in `block in call'
activesupport (5.1.4) lib/active_support/callbacks.rb:97:in `run_callbacks'
actionpack (5.1.4) lib/action_dispatch/middleware/callbacks.rb:24:in `call'
actionpack (5.1.4) lib/action_dispatch/middleware/executor.rb:12:in `call'
actionpack (5.1.4) lib/action_dispatch/middleware/debug_exceptions.rb:59:in `call'
web-console (3.5.1) lib/web_console/middleware.rb:135:in `call_app'
web-console (3.5.1) lib/web_console/middleware.rb:28:in `block in call'
web-console (3.5.1) lib/web_console/middleware.rb:18:in `catch'
web-console (3.5.1) lib/web_console/middleware.rb:18:in `call'
actionpack (5.1.4) lib/action_dispatch/middleware/show_exceptions.rb:31:in `call'
railties (5.1.4) lib/rails/rack/logger.rb:36:in `call_app'
railties (5.1.4) lib/rails/rack/logger.rb:24:in `block in call'
activesupport (5.1.4) lib/active_support/tagged_logging.rb:69:in `block in tagged'
activesupport (5.1.4) lib/active_support/tagged_logging.rb:26:in `tagged'
activesupport (5.1.4) lib/active_support/tagged_logging.rb:69:in `tagged'
railties (5.1.4) lib/rails/rack/logger.rb:24:in `call'
sprockets-rails (3.2.1) lib/sprockets/rails/quiet_assets.rb:13:in `call'
actionpack (5.1.4) lib/action_dispatch/middleware/remote_ip.rb:79:in `call'
actionpack (5.1.4) lib/action_dispatch/middleware/request_id.rb:25:in `call'
rack (2.0.3) lib/rack/method_override.rb:22:in `call'
rack (2.0.3) lib/rack/runtime.rb:22:in `call'
activesupport (5.1.4) lib/active_support/cache/strategy/local_cache_middleware.rb:27:in `call'
actionpack (5.1.4) lib/action_dispatch/middleware/executor.rb:12:in `call'
actionpack (5.1.4) lib/action_dispatch/middleware/static.rb:125:in `call'
rack (2.0.3) lib/rack/sendfile.rb:111:in `call'
railties (5.1.4) lib/rails/engine.rb:522:in `call'
puma (3.10.0) lib/puma/configuration.rb:225:in `call'
puma (3.10.0) lib/puma/server.rb:605:in `handle_request'
puma (3.10.0) lib/puma/server.rb:437:in `process_client'
puma (3.10.0) lib/puma/server.rb:301:in `block in run'
puma (3.10.0) lib/puma/thread_pool.rb:120:in `block in spawn_thread'
  [1m[35m (0.1ms)[0m  [1m[34mSELECT sqlite_version(*)[0m
  [1m[35m (1.3ms)[0m  [1m[35mCREATE TABLE "schema_migrations" ("version" varchar NOT NULL PRIMARY KEY)[0m
  [1m[35m (1.0ms)[0m  [1m[35mCREATE TABLE "ar_internal_metadata" ("key" varchar NOT NULL PRIMARY KEY, "value" varchar, "created_at" datetime NOT NULL, "updated_at" datetime NOT NULL)[0m
  [1m[35m (0.1ms)[0m  [1m[34mSELECT "schema_migrations"."version" FROM "schema_migrations" ORDER BY "schema_migrations"."version" ASC[0m
Migrating to CreateRestaurants (20171017110722)
  [1m[35m (0.1ms)[0m  [1m[36mbegin transaction[0m
  [1m[35m (0.5ms)[0m  [1m[35mCREATE TABLE "restaurants" ("id" INTEGER PRIMARY KEY AUTOINCREMENT NOT NULL, "name" varchar, "rating" integer, "address" text, "description" text, "created_at" datetime NOT NULL, "updated_at" datetime NOT NULL)[0m
  [1m[35mSQL (0.2ms)[0m  [1m[32mINSERT INTO "schema_migrations" ("version") VALUES (?)[0m  [["version", "20171017110722"]]
  [1m[35m (1.0ms)[0m  [1m[36mcommit transaction[0m
  [1m[36mActiveRecord::InternalMetadata Load (0.1ms)[0m  [1m[34mSELECT  "ar_internal_metadata".* FROM "ar_internal_metadata" WHERE "ar_internal_metadata"."key" = ? LIMIT ?[0m  [["key", "environment"], ["LIMIT", 1]]
  [1m[35m (0.1ms)[0m  [1m[36mbegin transaction[0m
  [1m[35mSQL (0.3ms)[0m  [1m[32mINSERT INTO "ar_internal_metadata" ("key", "value", "created_at", "updated_at") VALUES (?, ?, ?, ?)[0m  [["key", "environment"], ["value", "development"], ["created_at", "2017-10-17 13:53:08.404964"], ["updated_at", "2017-10-17 13:53:08.404964"]]
  [1m[35m (0.9ms)[0m  [1m[36mcommit transaction[0m
  [1m[35m (0.1ms)[0m  [1m[34mSELECT "schema_migrations"."version" FROM "schema_migrations" ORDER BY "schema_migrations"."version" ASC[0m
Started GET "/" for 127.0.0.1 at 2017-10-17 14:53:19 +0100
  [1m[35m (0.1ms)[0m  [1m[34mSELECT "schema_migrations"."version" FROM "schema_migrations" ORDER BY "schema_migrations"."version" ASC[0m
Processing by WelcomeController#index as HTML
  Rendering welcome/index.html.erb within layouts/application
  Rendered welcome/index.html.erb within layouts/application (1.6ms)
Completed 200 OK in 322ms (Views: 310.6ms | ActiveRecord: 0.0ms)


Started GET "/restaurants" for 127.0.0.1 at 2017-10-17 14:53:24 +0100
Processing by RestaurantsController#index as HTML
  Rendering restaurants/index.html.erb within layouts/application
  [1m[36mRestaurant Exists (0.3ms)[0m  [1m[34mSELECT  1 AS one FROM "restaurants" LIMIT ?[0m  [["LIMIT", 1]]
  Rendered restaurants/index.html.erb within layouts/application (7.0ms)
Completed 200 OK in 67ms (Views: 46.0ms | ActiveRecord: 0.7ms)


Started GET "/" for 127.0.0.1 at 2017-10-17 14:57:21 +0100
Processing by WelcomeController#index as HTML
  Rendering welcome/index.html.erb within layouts/application
  Rendered welcome/index.html.erb within layouts/application (3.8ms)
Completed 500 Internal Server Error in 12ms (ActiveRecord: 0.0ms)


  
ActionView::Template::Error (No route matches {:action=>"index", :controller=>"welcome/sandwiches"}):
    2: <br>
    3: <h2 style="text-align: center"> Crowd-sourced reviews about local businesses </h2>
    4: 
    5: <%= link_to 'Yelpz Businesses', controller: 'welcome/sandwiches'%>
    6: 
    7: controller class Restaurants
    8: 
  
app/views/welcome/index.html.erb:5:in `_app_views_welcome_index_html_erb__68909756193787515_70114815565200'
Started GET "/" for 127.0.0.1 at 2017-10-17 14:58:12 +0100
Processing by WelcomeController#index as HTML
  Rendering welcome/index.html.erb within layouts/application
  Rendered welcome/index.html.erb within layouts/application (2.5ms)
Completed 500 Internal Server Error in 11ms


  
ActionView::Template::Error (No route matches {:action=>"index", :controller=>"welcome/sandwiches"}):
    2: <br>
    3: <h2 style="text-align: center"> Crowd-sourced reviews about local businesses </h2>
    4: 
    5: <%= link_to 'Yelpz Businesses', controller: 'welcome/sandwiches'%>
    6: 
    7: controller class Restaurants
    8: 
  
app/views/welcome/index.html.erb:5:in `_app_views_welcome_index_html_erb__68909756193787515_70114850788480'
Started GET "/" for 127.0.0.1 at 2017-10-17 14:58:52 +0100
Processing by WelcomeController#index as HTML
  Rendering welcome/index.html.erb within layouts/application
  Rendered welcome/index.html.erb within layouts/application (4.1ms)
Completed 500 Internal Server Error in 13ms


  
ActionView::Template::Error (No route matches {:action=>"index", :controller=>"welcome/sandwiches"}):
    2: <br>
    3: <h2 style="text-align: center"> Crowd-sourced reviews about local businesses </h2>
    4: 
    5: <%= link_to 'Yelpz Businesses', controller: 'welcome/sandwiches'%>
    6: 
    7: controller class Restaurants
    8: 
  
app/views/welcome/index.html.erb:5:in `_app_views_welcome_index_html_erb__68909756193787515_70114812224980'
Started GET "/" for 127.0.0.1 at 2017-10-17 14:58:54 +0100
Processing by WelcomeController#index as HTML
  Rendering welcome/index.html.erb within layouts/application
  Rendered welcome/index.html.erb within layouts/application (2.3ms)
Completed 500 Internal Server Error in 9ms


  
ActionView::Template::Error (No route matches {:action=>"index", :controller=>"welcome/sandwiches"}):
    2: <br>
    3: <h2 style="text-align: center"> Crowd-sourced reviews about local businesses </h2>
    4: 
    5: <%= link_to 'Yelpz Businesses', controller: 'welcome/sandwiches'%>
    6: 
    7: controller class Restaurants
    8: 
  
app/views/welcome/index.html.erb:5:in `_app_views_welcome_index_html_erb__68909756193787515_70114840373360'
Started GET "/" for 127.0.0.1 at 2017-10-17 14:59:07 +0100
Processing by WelcomeController#index as HTML
  Rendering welcome/index.html.erb within layouts/application
  Rendered welcome/index.html.erb within layouts/application (2.3ms)
Completed 500 Internal Server Error in 14ms


  
ActionView::Template::Error (No route matches {:action=>"index", :controller=>"welcome/sandwiches"}):
    2: <br>
    3: <h2 style="text-align: center"> Crowd-sourced reviews about local businesses </h2>
    4: 
    5: <%= link_to 'Yelpz Businesses', controller: 'welcome/sandwiches'%>
    6: 
    7: controller class Restaurants
    8: 
  
app/views/welcome/index.html.erb:5:in `_app_views_welcome_index_html_erb__68909756193787515_70114805764900'
Started GET "/" for 127.0.0.1 at 2017-10-17 14:59:30 +0100
Processing by WelcomeController#index as HTML
  Rendering welcome/index.html.erb within layouts/application
  Rendered welcome/index.html.erb within layouts/application (2.3ms)
Completed 500 Internal Server Error in 10ms


  
ActionView::Template::Error (No route matches {:action=>"index", :controller=>"welcome/sandwiches"}):
    2: <br>
    3: <h2 style="text-align: center"> Crowd-sourced reviews about local businesses </h2>
    4: 
    5: <%= link_to 'Yelpz Businesses', controller: 'welcome/sandwiches'%>
    6: 
    7: controller class Restaurants
    8: 
  
app/views/welcome/index.html.erb:5:in `_app_views_welcome_index_html_erb__68909756193787515_70114841079340'
Started GET "/" for 127.0.0.1 at 2017-10-17 15:04:02 +0100
  [1m[35m (1.3ms)[0m  [1m[34mSELECT "schema_migrations"."version" FROM "schema_migrations" ORDER BY "schema_migrations"."version" ASC[0m
Processing by WelcomeController#index as HTML
  Rendering welcome/index.html.erb within layouts/application
  Rendered welcome/index.html.erb within layouts/application (1.3ms)
Completed 200 OK in 272ms (Views: 261.3ms | ActiveRecord: 0.0ms)


Started GET "/restaurants" for 127.0.0.1 at 2017-10-17 15:04:04 +0100
Processing by RestaurantsController#index as HTML
  Rendering restaurants/index.html.erb within layouts/application
  [1m[36mRestaurant Exists (0.6ms)[0m  [1m[34mSELECT  1 AS one FROM "restaurants" LIMIT ?[0m  [["LIMIT", 1]]
  Rendered restaurants/index.html.erb within layouts/application (13.6ms)
Completed 200 OK in 65ms (Views: 49.3ms | ActiveRecord: 2.8ms)


Started GET "/restaurants" for 127.0.0.1 at 2017-10-17 15:04:37 +0100
Processing by RestaurantsController#index as HTML
  Rendering restaurants/index.html.erb within layouts/application
  [1m[36mRestaurant Exists (0.3ms)[0m  [1m[34mSELECT  1 AS one FROM "restaurants" LIMIT ?[0m  [["LIMIT", 1]]
  Rendered restaurants/index.html.erb within layouts/application (2.1ms)
Completed 200 OK in 48ms (Views: 42.7ms | ActiveRecord: 0.3ms)


Started GET "/restaurants" for 127.0.0.1 at 2017-10-17 15:04:37 +0100
Processing by RestaurantsController#index as HTML
  Rendering restaurants/index.html.erb within layouts/application
  [1m[36mRestaurant Exists (0.1ms)[0m  [1m[34mSELECT  1 AS one FROM "restaurants" LIMIT ?[0m  [["LIMIT", 1]]
  Rendered restaurants/index.html.erb within layouts/application (1.3ms)
Completed 200 OK in 22ms (Views: 18.9ms | ActiveRecord: 0.1ms)


Started GET "/restaurants/new" for 127.0.0.1 at 2017-10-17 15:04:40 +0100
Processing by RestaurantsController#new as HTML
  Rendering restaurants/new.html.erb within layouts/application
  Rendered restaurants/new.html.erb within layouts/application (36.3ms)
Completed 200 OK in 80ms (Views: 63.7ms | ActiveRecord: 0.4ms)


Started GET "/restaurants" for 127.0.0.1 at 2017-10-17 15:05:39 +0100
  [1m[35m (1.2ms)[0m  [1m[34mSELECT "schema_migrations"."version" FROM "schema_migrations" ORDER BY "schema_migrations"."version" ASC[0m
Processing by RestaurantsController#index as HTML
  Rendering restaurants/index.html.erb within layouts/application
  [1m[36mRestaurant Exists (0.4ms)[0m  [1m[34mSELECT  1 AS one FROM "restaurants" LIMIT ?[0m  [["LIMIT", 1]]
  Rendered restaurants/index.html.erb within layouts/application (4.2ms)
Completed 200 OK in 235ms (Views: 220.6ms | ActiveRecord: 0.6ms)


Started GET "/restaurants/new" for 127.0.0.1 at 2017-10-17 15:05:47 +0100
Processing by RestaurantsController#new as HTML
  Rendering restaurants/new.html.erb within layouts/application
  Rendered restaurants/new.html.erb within layouts/application (15.9ms)
Completed 200 OK in 52ms (Views: 38.2ms | ActiveRecord: 0.6ms)


Started GET "/" for 127.0.0.1 at 2017-10-17 15:35:13 +0100
Processing by WelcomeController#index as HTML
  Rendering welcome/index.html.erb within layouts/application
  Rendered welcome/index.html.erb within layouts/application (3.9ms)
Completed 200 OK in 59ms (Views: 52.3ms | ActiveRecord: 0.0ms)


Started GET "/" for 127.0.0.1 at 2017-10-17 15:46:17 +0100
Processing by WelcomeController#index as HTML
  Rendering welcome/index.html.erb within layouts/application
  Rendered welcome/index.html.erb within layouts/application (0.6ms)
Completed 200 OK in 40ms (Views: 33.9ms | ActiveRecord: 0.0ms)


Started GET "/restaurants" for 127.0.0.1 at 2017-10-17 15:46:18 +0100
Processing by RestaurantsController#index as HTML
  Rendering restaurants/index.html.erb within layouts/application
  [1m[36mRestaurant Exists (1.4ms)[0m  [1m[34mSELECT  1 AS one FROM "restaurants" LIMIT ?[0m  [["LIMIT", 1]]
  Rendered restaurants/index.html.erb within layouts/application (13.6ms)
Completed 200 OK in 50ms (Views: 43.9ms | ActiveRecord: 1.4ms)


Started GET "/restaurants/new" for 127.0.0.1 at 2017-10-17 15:46:20 +0100
Processing by RestaurantsController#new as HTML
  Rendering restaurants/new.html.erb within layouts/application
  Rendered restaurants/new.html.erb within layouts/application (18.9ms)
Completed 200 OK in 50ms (Views: 46.3ms | ActiveRecord: 0.0ms)


Started POST "/restaurants" for 127.0.0.1 at 2017-10-17 15:46:26 +0100
Processing by RestaurantsController#create as HTML
  Parameters: {"utf8"=>"✓", "authenticity_token"=>"W+QI5t/EQZXd54yDpuRYEujIpCsd315CYIu61/utBZXDkWlvERxFtM+KWzzfQxhD123MT6Smh/fMAGQnzGYYVA==", "restaurant"=>{"name"=>"Adele's ", "address"=>"Chelsea", "description"=>"ob"}, "commit"=>"Save Restaurant"}
  [1m[35m (0.1ms)[0m  [1m[36mbegin transaction[0m
  [1m[35mSQL (1.0ms)[0m  [1m[32mINSERT INTO "restaurants" ("name", "address", "description", "created_at", "updated_at") VALUES (?, ?, ?, ?, ?)[0m  [["name", "Adele's "], ["address", "Chelsea"], ["description", "ob"], ["created_at", "2017-10-17 14:46:26.162271"], ["updated_at", "2017-10-17 14:46:26.162271"]]
  [1m[35m (1.1ms)[0m  [1m[36mcommit transaction[0m
Redirected to http://localhost:3000/restaurants/1
Completed 302 Found in 9ms (ActiveRecord: 2.2ms)


Started GET "/restaurants/1" for 127.0.0.1 at 2017-10-17 15:46:26 +0100
Processing by RestaurantsController#show as HTML
  Parameters: {"id"=>"1"}
  [1m[36mRestaurant Load (0.3ms)[0m  [1m[34mSELECT  "restaurants".* FROM "restaurants" WHERE "restaurants"."id" = ? LIMIT ?[0m  [["id", 1], ["LIMIT", 1]]
  Rendering restaurants/show.html.erb within layouts/application
  Rendered restaurants/show.html.erb within layouts/application (0.5ms)
Completed 200 OK in 25ms (Views: 17.6ms | ActiveRecord: 0.3ms)


Started GET "/restaurants/1" for 127.0.0.1 at 2017-10-17 17:14:26 +0100
Processing by RestaurantsController#show as HTML
  Parameters: {"id"=>"1"}
  [1m[36mRestaurant Load (0.3ms)[0m  [1m[34mSELECT  "restaurants".* FROM "restaurants" WHERE "restaurants"."id" = ? LIMIT ?[0m  [["id", 1], ["LIMIT", 1]]
  Rendering restaurants/show.html.erb within layouts/application
  Rendered restaurants/show.html.erb within layouts/application (3.6ms)
Completed 200 OK in 109ms (Views: 74.2ms | ActiveRecord: 1.3ms)


Started GET "/restaurants" for 127.0.0.1 at 2017-10-17 17:14:28 +0100
Processing by RestaurantsController#index as HTML
  Rendering restaurants/index.html.erb within layouts/application
  [1m[36mRestaurant Exists (0.2ms)[0m  [1m[34mSELECT  1 AS one FROM "restaurants" LIMIT ?[0m  [["LIMIT", 1]]
  [1m[36mRestaurant Load (0.2ms)[0m  [1m[34mSELECT "restaurants".* FROM "restaurants"[0m
  Rendered restaurants/index.html.erb within layouts/application (5.5ms)
Completed 200 OK in 41ms (Views: 37.9ms | ActiveRecord: 0.4ms)


  [1m[36mRestaurant Load (2.1ms)[0m  [1m[34mSELECT  "restaurants".* FROM "restaurants" LIMIT ?[0m  [["LIMIT", 11]]
Started GET "/restaurants" for 127.0.0.1 at 2017-10-17 17:23:41 +0100
Processing by RestaurantsController#index as HTML
  Rendering restaurants/index.html.erb within layouts/application
  [1m[36mRestaurant Exists (0.1ms)[0m  [1m[34mSELECT  1 AS one FROM "restaurants" LIMIT ?[0m  [["LIMIT", 1]]
  [1m[36mRestaurant Load (0.1ms)[0m  [1m[34mSELECT "restaurants".* FROM "restaurants"[0m
  Rendered restaurants/index.html.erb within layouts/application (9.2ms)
Completed 200 OK in 34ms (Views: 28.4ms | ActiveRecord: 1.0ms)


Started GET "/restaurants" for 127.0.0.1 at 2017-10-17 17:55:38 +0100
Processing by RestaurantsController#index as HTML
  Rendering restaurants/index.html.erb within layouts/application
  [1m[36mRestaurant Exists (1.1ms)[0m  [1m[34mSELECT  1 AS one FROM "restaurants" LIMIT ?[0m  [["LIMIT", 1]]
  [1m[36mRestaurant Load (0.4ms)[0m  [1m[34mSELECT "restaurants".* FROM "restaurants"[0m
  Rendered restaurants/index.html.erb within layouts/application (16.3ms)
Completed 200 OK in 87ms (Views: 76.0ms | ActiveRecord: 1.5ms)


Started DELETE "/restaurants/1" for 127.0.0.1 at 2017-10-17 17:55:41 +0100
Processing by RestaurantsController#destroy as HTML
  Parameters: {"authenticity_token"=>"i2QaiKZ/97jQ3P8Jw+qesBo5JVkbRis9Ui0Nkznd5g44lyKJYFwwKJnlAJGjjHZ+lPWu0tOwfwrmpfglrFkHiw==", "id"=>"1"}
  [1m[36mRestaurant Load (0.6ms)[0m  [1m[34mSELECT  "restaurants".* FROM "restaurants" WHERE "restaurants"."id" = ? LIMIT ?[0m  [["id", 1], ["LIMIT", 1]]
  [1m[35m (0.2ms)[0m  [1m[36mbegin transaction[0m
  [1m[35mSQL (0.6ms)[0m  [1m[31mDELETE FROM "restaurants" WHERE "restaurants"."id" = ?[0m  [["id", 1]]
  [1m[35m (2.0ms)[0m  [1m[36mcommit transaction[0m
Redirected to http://localhost:3000/restaurants
Completed 302 Found in 15ms (ActiveRecord: 3.4ms)


Started GET "/restaurants" for 127.0.0.1 at 2017-10-17 17:55:41 +0100
Processing by RestaurantsController#index as HTML
  Rendering restaurants/index.html.erb within layouts/application
  [1m[36mRestaurant Exists (0.5ms)[0m  [1m[34mSELECT  1 AS one FROM "restaurants" LIMIT ?[0m  [["LIMIT", 1]]
  Rendered restaurants/index.html.erb within layouts/application (3.0ms)
Completed 200 OK in 39ms (Views: 36.2ms | ActiveRecord: 0.5ms)


Started GET "/" for 127.0.0.1 at 2017-10-19 12:05:40 +0100
  [1m[35m (0.4ms)[0m  [1m[34mSELECT "schema_migrations"."version" FROM "schema_migrations" ORDER BY "schema_migrations"."version" ASC[0m
Processing by WelcomeController#index as HTML
  Rendering welcome/index.html.erb within layouts/application
  Rendered welcome/index.html.erb within layouts/application (2.5ms)
Completed 200 OK in 245ms (Views: 233.3ms | ActiveRecord: 0.0ms)


Started GET "/restaurants" for 127.0.0.1 at 2017-10-19 12:05:43 +0100
Processing by RestaurantsController#index as HTML
  Rendering restaurants/index.html.erb within layouts/application
  [1m[36mRestaurant Exists (0.4ms)[0m  [1m[34mSELECT  1 AS one FROM "restaurants" LIMIT ?[0m  [["LIMIT", 1]]
  Rendered restaurants/index.html.erb within layouts/application (5.6ms)
Completed 200 OK in 63ms (Views: 33.0ms | ActiveRecord: 1.0ms)


Started GET "/restaurants/new" for 127.0.0.1 at 2017-10-19 12:05:44 +0100
Processing by RestaurantsController#new as HTML
  Rendering restaurants/new.html.erb within layouts/application
  Rendered restaurants/_form.html.erb (25.6ms)
  Rendered restaurants/new.html.erb within layouts/application (31.9ms)
Completed 200 OK in 91ms (Views: 73.6ms | ActiveRecord: 0.5ms)


Started POST "/restaurants" for 127.0.0.1 at 2017-10-19 12:05:53 +0100
Processing by RestaurantsController#create as HTML
  Parameters: {"utf8"=>"✓", "authenticity_token"=>"A6BX7sDUb9yvIjnf4yIepa9nTp3bew/PFkPqDZJUgReb1TZnDgxr/b1P7mCahV70kMIm+WIC1nq6yDT9pZ+c1g==", "restaurant"=>{"name"=>"Fast Burger", "address"=>"111 toot st", "description"=>"fewged"}, "commit"=>"Create Restaurant"}
  [1m[35m (0.1ms)[0m  [1m[36mbegin transaction[0m
  [1m[35mSQL (1.0ms)[0m  [1m[32mINSERT INTO "restaurants" ("name", "address", "description", "created_at", "updated_at") VALUES (?, ?, ?, ?, ?)[0m  [["name", "Fast Burger"], ["address", "111 toot st"], ["description", "fewged"], ["created_at", "2017-10-19 11:05:53.315306"], ["updated_at", "2017-10-19 11:05:53.315306"]]
  [1m[35m (1.8ms)[0m  [1m[36mcommit transaction[0m
Redirected to http://localhost:3000/restaurants/2
Completed 302 Found in 11ms (ActiveRecord: 2.9ms)


Started GET "/restaurants/2" for 127.0.0.1 at 2017-10-19 12:05:53 +0100
Processing by RestaurantsController#show as HTML
  Parameters: {"id"=>"2"}
  [1m[36mRestaurant Load (0.3ms)[0m  [1m[34mSELECT  "restaurants".* FROM "restaurants" WHERE "restaurants"."id" = ? LIMIT ?[0m  [["id", 2], ["LIMIT", 1]]
  Rendering restaurants/show.html.erb within layouts/application
  Rendered restaurants/show.html.erb within layouts/application (1.1ms)
Completed 200 OK in 63ms (Views: 52.3ms | ActiveRecord: 0.3ms)


Started GET "/restaurants" for 127.0.0.1 at 2017-10-19 12:05:56 +0100
Processing by RestaurantsController#index as HTML
  Rendering restaurants/index.html.erb within layouts/application
  [1m[36mRestaurant Exists (0.2ms)[0m  [1m[34mSELECT  1 AS one FROM "restaurants" LIMIT ?[0m  [["LIMIT", 1]]
  [1m[36mRestaurant Load (0.2ms)[0m  [1m[34mSELECT "restaurants".* FROM "restaurants"[0m
  Rendered restaurants/index.html.erb within layouts/application (3.2ms)
Completed 200 OK in 46ms (Views: 43.2ms | ActiveRecord: 0.4ms)


Started DELETE "/restaurants/2" for 127.0.0.1 at 2017-10-19 12:05:59 +0100
Processing by RestaurantsController#destroy as HTML
  Parameters: {"authenticity_token"=>"CMfzJoIHm4vqMTHMIx0pXZZvJeig57BpOuycS06flLK7NMsnRCRcG6MIzlRDe8GTGKOuY2gR5F6OZGn92xt1Nw==", "id"=>"2"}
  [1m[36mRestaurant Load (0.4ms)[0m  [1m[34mSELECT  "restaurants".* FROM "restaurants" WHERE "restaurants"."id" = ? LIMIT ?[0m  [["id", 2], ["LIMIT", 1]]
  [1m[35m (0.1ms)[0m  [1m[36mbegin transaction[0m
  [1m[35mSQL (1.4ms)[0m  [1m[31mDELETE FROM "restaurants" WHERE "restaurants"."id" = ?[0m  [["id", 2]]
  [1m[35m (1.1ms)[0m  [1m[36mcommit transaction[0m
Redirected to http://localhost:3000/restaurants
Completed 302 Found in 10ms (ActiveRecord: 3.0ms)


Started GET "/restaurants" for 127.0.0.1 at 2017-10-19 12:05:59 +0100
Processing by RestaurantsController#index as HTML
  Rendering restaurants/index.html.erb within layouts/application
  [1m[36mRestaurant Exists (0.2ms)[0m  [1m[34mSELECT  1 AS one FROM "restaurants" LIMIT ?[0m  [["LIMIT", 1]]
  Rendered restaurants/index.html.erb within layouts/application (1.6ms)
Completed 200 OK in 25ms (Views: 23.3ms | ActiveRecord: 0.2ms)


